<?xml version="1.0" encoding="UTF-8"?>
<!-- Generated by org.testng.reporters.JUnitReportReporter -->
<testsuite skipped="0" hostname="Inboundsys-Mac-Dhanalakshmi.local" name="com.hubspotcrm.Testcases.LoginPageTest" tests="4" failures="0" timestamp="29 Oct 2018 05:46:36 GMT" time="24.580" errors="0">
  <testcase name="loginverifyTest" time="5.484" classname="com.hubspotcrm.Testcases.LoginPageTest"/>
  <testcase name="verifyPasswordTest" time="6.463" classname="com.hubspotcrm.Testcases.LoginPageTest"/>
  <testcase name="verifyLinksTest" time="7.282" classname="com.hubspotcrm.Testcases.LoginPageTest"/>
  <testcase name="verifyErrormessageTest" time="5.351" classname="com.hubspotcrm.Testcases.LoginPageTest"/>
</testsuite> <!-- com.hubspotcrm.Testcases.LoginPageTest -->
