<?xml version="1.0" encoding="UTF-8"?>
<!-- Generated by org.testng.reporters.JUnitReportReporter -->
<testsuite skipped="0" hostname="Inboundsys-Mac-Dhanalakshmi.local" name="com.hubspotcrm.Testcases.LoginPageTest" tests="4" failures="0" timestamp="26 Oct 2018 10:07:30 GMT" time="28.140" errors="0">
  <testcase name="loginverifyTest" time="6.408" classname="com.hubspotcrm.Testcases.LoginPageTest"/>
  <testcase name="verifyPasswordTest" time="4.661" classname="com.hubspotcrm.Testcases.LoginPageTest"/>
  <testcase name="verifyLinksTest" time="6.060" classname="com.hubspotcrm.Testcases.LoginPageTest"/>
  <testcase name="verifyErrormessageTest" time="11.011" classname="com.hubspotcrm.Testcases.LoginPageTest"/>
</testsuite> <!-- com.hubspotcrm.Testcases.LoginPageTest -->
