<?xml version="1.0" encoding="UTF-8"?>
<!-- Generated by org.testng.reporters.JUnitReportReporter -->
<testsuite skipped="0" hostname="Inboundsys-Mac-Dhanalakshmi.local" name="com.hubspotcrm.Testcases.HomePageTest" tests="1" failures="0" timestamp="29 Oct 2018 06:41:32 GMT" time="19.799" errors="0">
  <testcase name="verifyloggedusername" time="19.799" classname="com.hubspotcrm.Testcases.HomePageTest"/>
</testsuite> <!-- com.hubspotcrm.Testcases.HomePageTest -->
